[2025-07-12 10:09:39] Acción recibida: listar_notas
[2025-07-12 10:09:39] Notas obtenidas: Array
(
)

[2025-07-12 10:09:39] Respuesta formateada: {"data":[]}
[2025-07-12 10:09:41] Acción recibida: listar_notas
[2025-07-12 10:09:41] Notas obtenidas: Array
(
)

[2025-07-12 10:09:41] Respuesta formateada: {"data":[]}
[2025-07-13 22:17:05] Acción recibida: listar_notas
[2025-07-13 22:17:05] Notas obtenidas: Array
(
)

[2025-07-13 22:17:05] Respuesta formateada: {"data":[]}
[2025-07-14 15:32:03] Acción recibida: listar_notas
[2025-07-14 15:32:03] Notas obtenidas: Array
(
)

[2025-07-14 15:32:03] Respuesta formateada: {"data":[]}
[2025-07-14 17:19:28] Acción recibida: listar_notas
[2025-07-14 17:19:28] Notas obtenidas: Array
(
)

[2025-07-14 17:19:28] Respuesta formateada: {"data":[]}
[2025-07-14 18:50:52] Acción recibida: listar_notas
[2025-07-14 18:50:52] Notas obtenidas: Array
(
)

[2025-07-14 18:50:52] Respuesta formateada: {"data":[]}
[2025-07-15 20:04:25] Acción recibida: listar_notas
[2025-07-15 20:04:25] Notas obtenidas: Array
(
)

[2025-07-15 20:04:25] Respuesta formateada: {"data":[]}
[2025-07-16 19:17:03] Acción recibida: listar_notas
[2025-07-16 19:17:03] Notas obtenidas: Array
(
)

[2025-07-16 19:17:03] Respuesta formateada: {"data":[]}
[2025-07-16 23:11:01] Acción recibida: listar_notas
[2025-07-16 23:11:01] Notas obtenidas: Array
(
)

[2025-07-16 23:11:01] Respuesta formateada: {"data":[]}
[2025-07-18 18:41:24] Acción recibida: listar_notas
[2025-07-18 18:41:24] Notas obtenidas: Array
(
)

[2025-07-18 18:41:24] Respuesta formateada: {"data":[]}
[2025-07-18 18:56:01] Acción recibida: listar_notas
[2025-07-18 18:56:01] Notas obtenidas: Array
(
)

[2025-07-18 18:56:01] Respuesta formateada: {"data":[]}
[2025-07-18 20:03:35] Acción recibida: listar_notas
[2025-07-18 20:03:35] Notas obtenidas: Array
(
)

[2025-07-18 20:03:35] Respuesta formateada: {"data":[]}
