[15-Jul-2025 07:33:44 Europe/Berlin] PHP Warning:  require_once(../controladores/prestamo_controlador.php): Failed to open stream: No such file or directory in C:\xampp\htdocs\siprest\ajax\prestamo_ajax.php on line 10
[15-Jul-2025 07:33:44 Europe/Berlin] PHP Fatal error:  Uncaught Error: Failed opening required '../controladores/prestamo_controlador.php' (include_path='C:\xampp\php\PEAR') in C:\xampp\htdocs\siprest\ajax\prestamo_ajax.php:10
Stack trace:
#0 C:\xampp\htdocs\siprest\debug_amortizacion_ajax.php(18): include()
#1 {main}
  thrown in C:\xampp\htdocs\siprest\ajax\prestamo_ajax.php on line 10
[15-Jul-2025 07:34:08 Europe/Berlin] PHP Warning:  require_once(../controladores/prestamo_controlador.php): Failed to open stream: No such file or directory in C:\xampp\htdocs\siprest\ajax\prestamo_ajax.php on line 10
[15-Jul-2025 07:34:08 Europe/Berlin] PHP Fatal error:  Uncaught Error: Failed opening required '../controladores/prestamo_controlador.php' (include_path='C:\xampp\php\PEAR') in C:\xampp\htdocs\siprest\ajax\prestamo_ajax.php:10
Stack trace:
#0 C:\xampp\htdocs\siprest\debug_amortizacion_ajax.php(40): include()
#1 {main}
  thrown in C:\xampp\htdocs\siprest\ajax\prestamo_ajax.php on line 10
[15-Jul-2025 08:42:46 Europe/Berlin] DEBUG: Inicia ajaxCargarFormaPago
[15-Jul-2025 08:42:47 Europe/Berlin] DEBUG: Inicia ajaxCargarMoneda
[15-Jul-2025 08:42:47 Europe/Berlin] DEBUG: Finaliza ajaxCargarFormaPago
[15-Jul-2025 08:42:47 Europe/Berlin] DEBUG: Finaliza ajaxCargarMoneda
[15-Jul-2025 08:44:14 Europe/Berlin] DEBUG: Inicia ajaxCargarMoneda
[15-Jul-2025 08:44:14 Europe/Berlin] DEBUG: Finaliza ajaxCargarMoneda
[15-Jul-2025 08:44:14 Europe/Berlin] DEBUG: Inicia ajaxCargarFormaPago
[15-Jul-2025 08:44:14 Europe/Berlin] DEBUG: Finaliza ajaxCargarFormaPago
[15-Jul-2025 08:45:16 Europe/Berlin] Acción no reconocida en prestamo_ajax.php: 1. POST data: Array
(
    [accion] => 1
    [nro_prestamo] => 00000001
    [cliente_id] => 10
    [pres_monto] => 20000
    [pres_cuotas] => 12
    [pres_interes] => 4
    [fpago_id] => 4
    [moneda_id] => 1
    [pres_f_emision] => 2025-07-30
    [pres_monto_cuota] => 1733.33
    [pres_monto_interes] => 800
    [pres_monto_total] => 20800
    [id_usuario] => 1
    [caja_id] => 4
    [tipo_calculo] => FLAT
)

[15-Jul-2025 08:45:16 Europe/Berlin] Acción no reconocida en prestamo_ajax.php: 2. POST data: Array
(
    [accion] => 2
    [nro_prestamo] => 00000001
    [pdetalle_nro_cuota] => 1,2,3,4,5,6,7,8,9,10,11,12
    [pdetalle_monto_cuota] => 1733.33,1733.33,1733.33,1733.33,1733.33,1733.33,1733.33,1733.33,1733.33,1733.33,1733.33,1733.33
    [pdetalle_fecha] => 2025-07-30,2025-08-30,2025-09-30,2025-10-30,2025-11-30,2025-12-30,2026-01-30,2026-03-02,2026-03-30,2026-04-30,2026-05-30,2026-06-30
)

[15-Jul-2025 08:45:31 Europe/Berlin] DEBUG: Inicia ajaxCargarFormaPago
[15-Jul-2025 08:45:31 Europe/Berlin] DEBUG: Finaliza ajaxCargarFormaPago
[15-Jul-2025 08:45:31 Europe/Berlin] DEBUG: Inicia ajaxCargarMoneda
[15-Jul-2025 08:45:31 Europe/Berlin] DEBUG: Finaliza ajaxCargarMoneda
[15-Jul-2025 08:45:49 Europe/Berlin] DEBUG: Inicia ajaxCargarFormaPago
[15-Jul-2025 08:45:49 Europe/Berlin] DEBUG: Inicia ajaxCargarMoneda
[15-Jul-2025 08:45:49 Europe/Berlin] DEBUG: Finaliza ajaxCargarFormaPago
[15-Jul-2025 08:45:49 Europe/Berlin] DEBUG: Finaliza ajaxCargarMoneda
[15-Jul-2025 08:46:16 Europe/Berlin] Acción no reconocida en prestamo_ajax.php: 1. POST data: Array
(
    [accion] => 1
    [nro_prestamo] => 00000001
    [cliente_id] => 10
    [pres_monto] => 200000
    [pres_cuotas] => 12
    [pres_interes] => 4.5
    [fpago_id] => 4
    [moneda_id] => 1
    [pres_f_emision] => 2025-07-31
    [pres_monto_cuota] => 17075.7
    [pres_monto_interes] => 4908.45
    [pres_monto_total] => 204908.45
    [id_usuario] => 1
    [caja_id] => 4
    [tipo_calculo] => FRANCES
)

[15-Jul-2025 08:46:16 Europe/Berlin] Acción no reconocida en prestamo_ajax.php: 2. POST data: Array
(
    [accion] => 2
    [nro_prestamo] => 00000001
    [pdetalle_nro_cuota] => 1,2,3,4,5,6,7,8,9,10,11,12
    [pdetalle_monto_cuota] => 17075.70,17075.70,17075.70,17075.70,17075.70,17075.70,17075.70,17075.70,17075.70,17075.70,17075.70,17075.70
    [pdetalle_fecha] => 2025-07-31,2025-08-31,2025-10-01,2025-10-31,2025-12-01,2025-12-31,2026-01-31,2026-03-03,2026-03-31,2026-05-01,2026-05-31,2026-07-01
)

[15-Jul-2025 08:48:42 Europe/Berlin] DEBUG: Inicia ajaxCargarMoneda
[15-Jul-2025 08:48:42 Europe/Berlin] DEBUG: Finaliza ajaxCargarMoneda
[15-Jul-2025 08:48:42 Europe/Berlin] DEBUG: Inicia ajaxCargarFormaPago
[15-Jul-2025 08:48:42 Europe/Berlin] DEBUG: Finaliza ajaxCargarFormaPago
[15-Jul-2025 08:49:46 Europe/Berlin] Acción no reconocida en prestamo_ajax.php: 1. POST data: Array
(
    [accion] => 1
    [nro_prestamo] => 00000001
    [cliente_id] => 10
    [pres_monto] => 20000
    [pres_cuotas] => 12
    [pres_interes] => 4.5
    [fpago_id] => 4
    [moneda_id] => 1
    [pres_f_emision] => 2025-07-30
    [pres_monto_cuota] => 1741.67
    [pres_monto_interes] => 900
    [pres_monto_total] => 20900
    [id_usuario] => 1
    [caja_id] => 4
    [tipo_calculo] => FLAT
)

[15-Jul-2025 08:49:47 Europe/Berlin] Acción no reconocida en prestamo_ajax.php: 2. POST data: Array
(
    [accion] => 2
    [nro_prestamo] => 00000001
    [pdetalle_nro_cuota] => 1,2,3,4,5,6,7,8,9,10,11,12
    [pdetalle_monto_cuota] => 1741.67,1741.67,1741.67,1741.67,1741.67,1741.67,1741.67,1741.67,1741.67,1741.67,1741.67,1741.67
    [pdetalle_fecha] => 2025-07-30,2025-08-30,2025-09-30,2025-10-30,2025-11-30,2025-12-30,2026-01-30,2026-03-02,2026-03-30,2026-04-30,2026-05-30,2026-06-30
)

[15-Jul-2025 08:51:23 Europe/Berlin] DEBUG: Inicia ajaxRegistrarPrestamo
[15-Jul-2025 08:51:24 Europe/Berlin] DEBUG: Finaliza ajaxRegistrarPrestamo
[15-Jul-2025 08:51:24 Europe/Berlin] DEBUG: Inicia ajaxRegistrarPrestamoDetalle
[15-Jul-2025 08:51:24 Europe/Berlin] DEBUG: Finaliza ajaxRegistrarPrestamoDetalle
[15-Jul-2025 20:04:09 Europe/Berlin] DEBUG: Inicia ajaxCargarMoneda
[15-Jul-2025 20:04:09 Europe/Berlin] DEBUG: Inicia ajaxCargarFormaPago
[15-Jul-2025 20:04:09 Europe/Berlin] DEBUG: Finaliza ajaxCargarMoneda
[15-Jul-2025 20:04:09 Europe/Berlin] DEBUG: Finaliza ajaxCargarFormaPago
[15-Jul-2025 23:42:07 Europe/Berlin] DEBUG: Inicia ajaxCargarFormaPago
[15-Jul-2025 23:42:07 Europe/Berlin] DEBUG: Inicia ajaxCargarMoneda
[15-Jul-2025 23:42:07 Europe/Berlin] DEBUG: Finaliza ajaxCargarFormaPago
[15-Jul-2025 23:42:07 Europe/Berlin] DEBUG: Finaliza ajaxCargarMoneda
[16-Jul-2025 08:23:35 Europe/Berlin] DEBUG: Inicia ajaxCargarFormaPago
[16-Jul-2025 08:23:35 Europe/Berlin] DEBUG: Inicia ajaxCargarMoneda
[16-Jul-2025 08:23:35 Europe/Berlin] DEBUG: Finaliza ajaxCargarMoneda
[16-Jul-2025 08:23:35 Europe/Berlin] DEBUG: Finaliza ajaxCargarFormaPago
[16-Jul-2025 08:26:03 Europe/Berlin] DEBUG: Inicia ajaxCargarMoneda
[16-Jul-2025 08:26:03 Europe/Berlin] DEBUG: Finaliza ajaxCargarMoneda
[16-Jul-2025 08:26:03 Europe/Berlin] DEBUG: Inicia ajaxCargarFormaPago
[16-Jul-2025 08:26:03 Europe/Berlin] DEBUG: Finaliza ajaxCargarFormaPago
[16-Jul-2025 08:27:06 Europe/Berlin] DEBUG: Inicia ajaxCargarMoneda
[16-Jul-2025 08:27:06 Europe/Berlin] DEBUG: Finaliza ajaxCargarMoneda
[16-Jul-2025 08:27:06 Europe/Berlin] DEBUG: Inicia ajaxCargarFormaPago
[16-Jul-2025 08:27:06 Europe/Berlin] DEBUG: Finaliza ajaxCargarFormaPago
[16-Jul-2025 19:16:57 Europe/Berlin] DEBUG: Inicia ajaxCargarMoneda
[16-Jul-2025 19:16:57 Europe/Berlin] DEBUG: Inicia ajaxCargarFormaPago
[16-Jul-2025 19:16:57 Europe/Berlin] DEBUG: Finaliza ajaxCargarFormaPago
[16-Jul-2025 19:16:57 Europe/Berlin] DEBUG: Finaliza ajaxCargarMoneda
[16-Jul-2025 20:22:53 Europe/Berlin] DEBUG: Inicia ajaxCargarFormaPago
[16-Jul-2025 20:22:53 Europe/Berlin] DEBUG: Inicia ajaxCargarMoneda
[16-Jul-2025 20:22:53 Europe/Berlin] DEBUG: Finaliza ajaxCargarFormaPago
[16-Jul-2025 20:22:53 Europe/Berlin] DEBUG: Finaliza ajaxCargarMoneda
[16-Jul-2025 20:31:38 Europe/Berlin] DEBUG: Inicia ajaxCargarMoneda
[16-Jul-2025 20:31:38 Europe/Berlin] DEBUG: Finaliza ajaxCargarMoneda
[16-Jul-2025 20:31:38 Europe/Berlin] DEBUG: Inicia ajaxCargarFormaPago
[16-Jul-2025 20:31:38 Europe/Berlin] DEBUG: Finaliza ajaxCargarFormaPago
[16-Jul-2025 20:32:18 Europe/Berlin] DEBUG: Inicia ajaxCargarFormaPago
[16-Jul-2025 20:32:18 Europe/Berlin] DEBUG: Inicia ajaxCargarMoneda
[16-Jul-2025 20:32:18 Europe/Berlin] DEBUG: Finaliza ajaxCargarMoneda
[16-Jul-2025 20:32:18 Europe/Berlin] DEBUG: Finaliza ajaxCargarFormaPago
[16-Jul-2025 20:34:54 Europe/Berlin] DEBUG: Inicia ajaxCargarFormaPago
[16-Jul-2025 20:34:54 Europe/Berlin] DEBUG: Inicia ajaxCargarMoneda
[16-Jul-2025 20:34:54 Europe/Berlin] DEBUG: Finaliza ajaxCargarFormaPago
[16-Jul-2025 20:34:54 Europe/Berlin] DEBUG: Finaliza ajaxCargarMoneda
[16-Jul-2025 20:35:57 Europe/Berlin] DEBUG: Inicia ajaxCargarMoneda
[16-Jul-2025 20:35:57 Europe/Berlin] DEBUG: Finaliza ajaxCargarMoneda
[16-Jul-2025 20:35:57 Europe/Berlin] DEBUG: Inicia ajaxCargarFormaPago
[16-Jul-2025 20:35:57 Europe/Berlin] DEBUG: Finaliza ajaxCargarFormaPago
[16-Jul-2025 20:42:25 Europe/Berlin] DEBUG: Inicia ajaxCargarMoneda
[16-Jul-2025 20:42:25 Europe/Berlin] DEBUG: Inicia ajaxCargarFormaPago
[16-Jul-2025 20:42:25 Europe/Berlin] DEBUG: Finaliza ajaxCargarMoneda
[16-Jul-2025 20:42:25 Europe/Berlin] DEBUG: Finaliza ajaxCargarFormaPago
[16-Jul-2025 20:44:09 Europe/Berlin] DEBUG: Inicia ajaxCargarFormaPago
[16-Jul-2025 20:44:09 Europe/Berlin] DEBUG: Inicia ajaxCargarMoneda
[16-Jul-2025 20:44:09 Europe/Berlin] DEBUG: Finaliza ajaxCargarMoneda
[16-Jul-2025 20:44:09 Europe/Berlin] DEBUG: Finaliza ajaxCargarFormaPago
[16-Jul-2025 22:53:51 Europe/Berlin] DEBUG: Inicia ajaxCargarMoneda
[16-Jul-2025 22:53:51 Europe/Berlin] DEBUG: Finaliza ajaxCargarMoneda
[16-Jul-2025 22:53:51 Europe/Berlin] DEBUG: Inicia ajaxCargarFormaPago
[16-Jul-2025 22:53:51 Europe/Berlin] DEBUG: Finaliza ajaxCargarFormaPago
[16-Jul-2025 22:54:37 Europe/Berlin] DEBUG: Inicia ajaxCargarFormaPago
[16-Jul-2025 22:54:37 Europe/Berlin] DEBUG: Inicia ajaxCargarMoneda
[16-Jul-2025 22:54:37 Europe/Berlin] DEBUG: Finaliza ajaxCargarFormaPago
[16-Jul-2025 22:54:37 Europe/Berlin] DEBUG: Finaliza ajaxCargarMoneda
[16-Jul-2025 23:00:43 Europe/Berlin] DEBUG: Inicia ajaxCargarMoneda
[16-Jul-2025 23:00:43 Europe/Berlin] DEBUG: Finaliza ajaxCargarMoneda
[16-Jul-2025 23:00:43 Europe/Berlin] DEBUG: Inicia ajaxCargarFormaPago
[16-Jul-2025 23:00:43 Europe/Berlin] DEBUG: Finaliza ajaxCargarFormaPago
[18-Jul-2025 18:41:21 Europe/Berlin] DEBUG: Inicia ajaxCargarFormaPago
[18-Jul-2025 18:41:21 Europe/Berlin] DEBUG: Inicia ajaxCargarMoneda
[18-Jul-2025 18:41:21 Europe/Berlin] DEBUG: Finaliza ajaxCargarFormaPago
[18-Jul-2025 18:41:21 Europe/Berlin] DEBUG: Finaliza ajaxCargarMoneda
[18-Jul-2025 19:24:00 Europe/Berlin] DEBUG: Inicia ajaxCargarMoneda
[18-Jul-2025 19:24:00 Europe/Berlin] DEBUG: Finaliza ajaxCargarMoneda
[18-Jul-2025 19:24:00 Europe/Berlin] DEBUG: Inicia ajaxCargarFormaPago
[18-Jul-2025 19:24:00 Europe/Berlin] DEBUG: Finaliza ajaxCargarFormaPago
[18-Jul-2025 19:24:03 Europe/Berlin] DEBUG: Inicia ajaxCargarFormaPago
[18-Jul-2025 19:24:03 Europe/Berlin] DEBUG: Inicia ajaxCargarMoneda
[18-Jul-2025 19:24:03 Europe/Berlin] DEBUG: Finaliza ajaxCargarMoneda
[18-Jul-2025 19:24:03 Europe/Berlin] DEBUG: Finaliza ajaxCargarFormaPago
[18-Jul-2025 19:24:52 Europe/Berlin] DEBUG: Inicia ajaxRegistrarPrestamo
[18-Jul-2025 19:24:52 Europe/Berlin] DEBUG: Finaliza ajaxRegistrarPrestamo
[18-Jul-2025 19:24:52 Europe/Berlin] DEBUG: Inicia ajaxRegistrarPrestamoDetalle
[18-Jul-2025 19:24:52 Europe/Berlin] DEBUG: Finaliza ajaxRegistrarPrestamoDetalle
[18-Jul-2025 19:44:19 Europe/Berlin] DEBUG: Inicia ajaxCargarFormaPago
[18-Jul-2025 19:44:19 Europe/Berlin] DEBUG: Inicia ajaxCargarMoneda
[18-Jul-2025 19:44:19 Europe/Berlin] DEBUG: Finaliza ajaxCargarFormaPago
[18-Jul-2025 19:44:19 Europe/Berlin] DEBUG: Finaliza ajaxCargarMoneda
[18-Jul-2025 20:46:30 Europe/Berlin] DEBUG: Inicia ajaxCargarFormaPago
[18-Jul-2025 20:46:30 Europe/Berlin] DEBUG: Inicia ajaxCargarMoneda
[18-Jul-2025 20:46:30 Europe/Berlin] DEBUG: Finaliza ajaxCargarMoneda
[18-Jul-2025 20:46:30 Europe/Berlin] DEBUG: Finaliza ajaxCargarFormaPago
[18-Jul-2025 20:56:35 Europe/Berlin] DEBUG: Inicia ajaxCargarMoneda
[18-Jul-2025 20:56:35 Europe/Berlin] DEBUG: Inicia ajaxCargarFormaPago
[18-Jul-2025 20:56:35 Europe/Berlin] DEBUG: Finaliza ajaxCargarMoneda
[18-Jul-2025 20:56:35 Europe/Berlin] DEBUG: Finaliza ajaxCargarFormaPago
[18-Jul-2025 20:59:45 Europe/Berlin] DEBUG: Inicia ajaxCargarFormaPago
[18-Jul-2025 20:59:45 Europe/Berlin] DEBUG: Finaliza ajaxCargarFormaPago
[18-Jul-2025 20:59:45 Europe/Berlin] DEBUG: Inicia ajaxCargarMoneda
[18-Jul-2025 20:59:45 Europe/Berlin] DEBUG: Finaliza ajaxCargarMoneda
[18-Jul-2025 20:59:49 Europe/Berlin] DEBUG: Inicia ajaxCargarFormaPago
[18-Jul-2025 20:59:49 Europe/Berlin] DEBUG: Inicia ajaxCargarMoneda
[18-Jul-2025 20:59:49 Europe/Berlin] DEBUG: Finaliza ajaxCargarMoneda
[18-Jul-2025 20:59:49 Europe/Berlin] DEBUG: Finaliza ajaxCargarFormaPago
[18-Jul-2025 23:05:00 Europe/Berlin] DEBUG: Inicia ajaxCargarFormaPago
[18-Jul-2025 23:05:00 Europe/Berlin] DEBUG: Inicia ajaxCargarMoneda
[18-Jul-2025 23:05:00 Europe/Berlin] DEBUG: Finaliza ajaxCargarMoneda
[18-Jul-2025 23:05:00 Europe/Berlin] DEBUG: Finaliza ajaxCargarFormaPago
[18-Jul-2025 23:09:40 Europe/Berlin] DEBUG: Inicia ajaxCargarFormaPago
[18-Jul-2025 23:09:40 Europe/Berlin] DEBUG: Finaliza ajaxCargarFormaPago
[18-Jul-2025 23:09:40 Europe/Berlin] DEBUG: Inicia ajaxCargarMoneda
[18-Jul-2025 23:09:40 Europe/Berlin] DEBUG: Finaliza ajaxCargarMoneda
[18-Jul-2025 23:24:55 Europe/Berlin] DEBUG: Inicia ajaxCargarFormaPago
[18-Jul-2025 23:24:55 Europe/Berlin] DEBUG: Finaliza ajaxCargarFormaPago
[18-Jul-2025 23:24:55 Europe/Berlin] DEBUG: Inicia ajaxCargarMoneda
[18-Jul-2025 23:24:55 Europe/Berlin] DEBUG: Finaliza ajaxCargarMoneda
[18-Jul-2025 23:40:18 Europe/Berlin] DEBUG: Inicia ajaxCargarFormaPago
[18-Jul-2025 23:40:18 Europe/Berlin] DEBUG: Finaliza ajaxCargarFormaPago
[18-Jul-2025 23:40:18 Europe/Berlin] DEBUG: Inicia ajaxCargarMoneda
[18-Jul-2025 23:40:18 Europe/Berlin] DEBUG: Finaliza ajaxCargarMoneda
[18-Jul-2025 23:42:34 Europe/Berlin] DEBUG: Inicia ajaxRegistrarPrestamo
[18-Jul-2025 23:42:34 Europe/Berlin] DEBUG: Finaliza ajaxRegistrarPrestamo
[18-Jul-2025 23:42:34 Europe/Berlin] DEBUG: Inicia ajaxRegistrarPrestamoDetalle
[18-Jul-2025 23:42:34 Europe/Berlin] DEBUG: Finaliza ajaxRegistrarPrestamoDetalle
[19-Jul-2025 00:15:34 Europe/Berlin] DEBUG: Inicia ajaxCargarFormaPago
[19-Jul-2025 00:15:34 Europe/Berlin] DEBUG: Inicia ajaxCargarMoneda
[19-Jul-2025 00:15:34 Europe/Berlin] DEBUG: Finaliza ajaxCargarMoneda
[19-Jul-2025 00:15:34 Europe/Berlin] DEBUG: Finaliza ajaxCargarFormaPago
[22-Jul-2025 08:16:46 Europe/Berlin] DEBUG: Inicia ajaxCargarFormaPago
[22-Jul-2025 08:16:46 Europe/Berlin] DEBUG: Inicia ajaxCargarMoneda
[22-Jul-2025 08:16:46 Europe/Berlin] DEBUG: Finaliza ajaxCargarMoneda
[22-Jul-2025 08:16:46 Europe/Berlin] DEBUG: Finaliza ajaxCargarFormaPago
[22-Jul-2025 08:16:55 Europe/Berlin] DEBUG: Inicia ajaxCargarFormaPago
[22-Jul-2025 08:16:55 Europe/Berlin] DEBUG: Inicia ajaxCargarMoneda
[22-Jul-2025 08:16:55 Europe/Berlin] DEBUG: Finaliza ajaxCargarFormaPago
[22-Jul-2025 08:16:55 Europe/Berlin] DEBUG: Finaliza ajaxCargarMoneda
[23-Jul-2025 05:57:34 Europe/Berlin] DEBUG: Inicia ajaxCargarFormaPago
[23-Jul-2025 05:57:34 Europe/Berlin] DEBUG: Inicia ajaxCargarMoneda
[23-Jul-2025 05:57:34 Europe/Berlin] DEBUG: Finaliza ajaxCargarFormaPago
[23-Jul-2025 05:57:34 Europe/Berlin] DEBUG: Finaliza ajaxCargarMoneda
[23-Jul-2025 05:57:43 Europe/Berlin] DEBUG: Inicia ajaxCargarFormaPago
[23-Jul-2025 05:57:43 Europe/Berlin] DEBUG: Inicia ajaxCargarMoneda
[23-Jul-2025 05:57:43 Europe/Berlin] DEBUG: Finaliza ajaxCargarFormaPago
[23-Jul-2025 05:57:43 Europe/Berlin] DEBUG: Finaliza ajaxCargarMoneda
[23-Jul-2025 06:00:28 Europe/Berlin] DEBUG: Inicia ajaxCargarFormaPago
[23-Jul-2025 06:00:28 Europe/Berlin] DEBUG: Finaliza ajaxCargarFormaPago
[23-Jul-2025 06:00:29 Europe/Berlin] DEBUG: Inicia ajaxCargarMoneda
[23-Jul-2025 06:00:29 Europe/Berlin] DEBUG: Finaliza ajaxCargarMoneda
[23-Jul-2025 07:06:45 Europe/Berlin] DEBUG: Inicia ajaxCargarFormaPago
[23-Jul-2025 07:06:45 Europe/Berlin] DEBUG: Finaliza ajaxCargarFormaPago
[23-Jul-2025 07:06:46 Europe/Berlin] DEBUG: Inicia ajaxCargarMoneda
[23-Jul-2025 07:06:46 Europe/Berlin] DEBUG: Finaliza ajaxCargarMoneda
[23-Jul-2025 09:16:44 Europe/Berlin] DEBUG: Inicia ajaxCargarFormaPago
[23-Jul-2025 09:16:44 Europe/Berlin] DEBUG: Inicia ajaxCargarMoneda
[23-Jul-2025 09:16:44 Europe/Berlin] DEBUG: Finaliza ajaxCargarMoneda
[23-Jul-2025 09:16:44 Europe/Berlin] DEBUG: Finaliza ajaxCargarFormaPago
[23-Jul-2025 09:22:43 Europe/Berlin] DEBUG: Inicia ajaxCargarFormaPago
[23-Jul-2025 09:22:43 Europe/Berlin] DEBUG: Inicia ajaxCargarMoneda
[23-Jul-2025 09:22:43 Europe/Berlin] DEBUG: Finaliza ajaxCargarMoneda
[23-Jul-2025 09:22:43 Europe/Berlin] DEBUG: Finaliza ajaxCargarFormaPago
[23-Jul-2025 09:23:22 Europe/Berlin] DEBUG: Inicia ajaxCargarMoneda
[23-Jul-2025 09:23:22 Europe/Berlin] DEBUG: Inicia ajaxCargarFormaPago
[23-Jul-2025 09:23:22 Europe/Berlin] DEBUG: Finaliza ajaxCargarFormaPago
[23-Jul-2025 09:23:22 Europe/Berlin] DEBUG: Finaliza ajaxCargarMoneda
[23-Jul-2025 09:28:39 Europe/Berlin] DEBUG: Inicia ajaxCargarFormaPago
[23-Jul-2025 09:28:39 Europe/Berlin] DEBUG: Finaliza ajaxCargarFormaPago
[23-Jul-2025 09:28:39 Europe/Berlin] DEBUG: Inicia ajaxCargarMoneda
[23-Jul-2025 09:28:39 Europe/Berlin] DEBUG: Finaliza ajaxCargarMoneda
[23-Jul-2025 09:29:46 Europe/Berlin] DEBUG: Inicia ajaxCargarMoneda
[23-Jul-2025 09:29:46 Europe/Berlin] DEBUG: Inicia ajaxCargarFormaPago
[23-Jul-2025 09:29:46 Europe/Berlin] DEBUG: Finaliza ajaxCargarFormaPago
[23-Jul-2025 09:29:46 Europe/Berlin] DEBUG: Finaliza ajaxCargarMoneda
[23-Jul-2025 09:32:43 Europe/Berlin] DEBUG: Inicia ajaxCargarFormaPago
[23-Jul-2025 09:32:43 Europe/Berlin] DEBUG: Inicia ajaxCargarMoneda
[23-Jul-2025 09:32:43 Europe/Berlin] DEBUG: Finaliza ajaxCargarFormaPago
[23-Jul-2025 09:32:43 Europe/Berlin] DEBUG: Finaliza ajaxCargarMoneda
[23-Jul-2025 09:35:15 Europe/Berlin] DEBUG: Inicia ajaxCargarFormaPago
[23-Jul-2025 09:35:15 Europe/Berlin] DEBUG: Inicia ajaxCargarMoneda
[23-Jul-2025 09:35:15 Europe/Berlin] DEBUG: Finaliza ajaxCargarFormaPago
[23-Jul-2025 09:35:15 Europe/Berlin] DEBUG: Finaliza ajaxCargarMoneda
[23-Jul-2025 09:38:53 Europe/Berlin] DEBUG: Inicia ajaxCargarFormaPago
[23-Jul-2025 09:38:53 Europe/Berlin] DEBUG: Finaliza ajaxCargarFormaPago
[23-Jul-2025 09:38:54 Europe/Berlin] DEBUG: Inicia ajaxCargarMoneda
[23-Jul-2025 09:38:54 Europe/Berlin] DEBUG: Finaliza ajaxCargarMoneda
[23-Jul-2025 09:43:16 Europe/Berlin] DEBUG: Inicia ajaxCargarFormaPago
[23-Jul-2025 09:43:16 Europe/Berlin] DEBUG: Finaliza ajaxCargarFormaPago
[23-Jul-2025 09:43:17 Europe/Berlin] DEBUG: Inicia ajaxCargarMoneda
[23-Jul-2025 09:43:17 Europe/Berlin] DEBUG: Finaliza ajaxCargarMoneda
[23-Jul-2025 15:10:58 Europe/Berlin] DEBUG: Inicia ajaxCargarFormaPago
[23-Jul-2025 15:10:58 Europe/Berlin] DEBUG: Inicia ajaxCargarMoneda
[23-Jul-2025 15:10:58 Europe/Berlin] DEBUG: Finaliza ajaxCargarFormaPago
[23-Jul-2025 15:10:58 Europe/Berlin] DEBUG: Finaliza ajaxCargarMoneda
[23-Jul-2025 15:11:12 Europe/Berlin] DEBUG: Inicia ajaxCargarFormaPago
[23-Jul-2025 15:11:12 Europe/Berlin] DEBUG: Inicia ajaxCargarMoneda
[23-Jul-2025 15:11:12 Europe/Berlin] DEBUG: Finaliza ajaxCargarMoneda
[23-Jul-2025 15:11:12 Europe/Berlin] DEBUG: Finaliza ajaxCargarFormaPago
[23-Jul-2025 15:58:53 Europe/Berlin] DEBUG: Inicia ajaxCargarMoneda
[23-Jul-2025 15:58:53 Europe/Berlin] DEBUG: Finaliza ajaxCargarMoneda
[23-Jul-2025 15:58:54 Europe/Berlin] DEBUG: Inicia ajaxCargarFormaPago
[23-Jul-2025 15:58:54 Europe/Berlin] DEBUG: Finaliza ajaxCargarFormaPago
[23-Jul-2025 16:53:35 Europe/Berlin] DEBUG: Inicia ajaxCargarFormaPago
[23-Jul-2025 16:53:35 Europe/Berlin] DEBUG: Inicia ajaxCargarMoneda
[23-Jul-2025 16:53:35 Europe/Berlin] DEBUG: Finaliza ajaxCargarMoneda
[23-Jul-2025 16:53:35 Europe/Berlin] DEBUG: Finaliza ajaxCargarFormaPago
[23-Jul-2025 16:58:50 Europe/Berlin] DEBUG: Inicia ajaxCargarMoneda
[23-Jul-2025 16:58:50 Europe/Berlin] DEBUG: Inicia ajaxCargarFormaPago
[23-Jul-2025 16:58:50 Europe/Berlin] DEBUG: Finaliza ajaxCargarFormaPago
[23-Jul-2025 16:58:50 Europe/Berlin] DEBUG: Finaliza ajaxCargarMoneda
[23-Jul-2025 17:18:48 Europe/Berlin] DEBUG: Inicia ajaxRegistrarPrestamo con sucursal_id: 1
[23-Jul-2025 17:18:48 Europe/Berlin] PHP Warning:  require_once(modelos/caja_modelo.php): Failed to open stream: No such file or directory in C:\xampp\htdocs\CrediCrece\controladores\prestamo_controlador.php on line 11
[23-Jul-2025 17:18:48 Europe/Berlin] UNCAUGHT EXCEPTION in ajax/prestamo_ajax.php: Failed opening required 'modelos/caja_modelo.php' (include_path='C:\xampp\php\PEAR') on line 11 in C:\xampp\htdocs\CrediCrece\controladores\prestamo_controlador.php
[23-Jul-2025 17:18:48 Europe/Berlin] DEBUG: Inicia ajaxRegistrarPrestamoDetalle
[23-Jul-2025 17:18:48 Europe/Berlin] Error en ctrRegistrarPrestamoDetalle: Error en los datos: los arrays no tienen la misma longitud
[23-Jul-2025 17:18:48 Europe/Berlin] DEBUG: Finaliza ajaxRegistrarPrestamoDetalle
[23-Jul-2025 17:31:47 Europe/Berlin] DEBUG: Inicia ajaxCargarMoneda
[23-Jul-2025 17:31:47 Europe/Berlin] DEBUG: Finaliza ajaxCargarMoneda
[23-Jul-2025 17:31:48 Europe/Berlin] DEBUG: Inicia ajaxCargarFormaPago
[23-Jul-2025 17:31:48 Europe/Berlin] DEBUG: Finaliza ajaxCargarFormaPago
[23-Jul-2025 17:32:01 Europe/Berlin] DEBUG: Inicia ajaxCargarFormaPago
[23-Jul-2025 17:32:01 Europe/Berlin] DEBUG: Finaliza ajaxCargarFormaPago
[23-Jul-2025 17:32:01 Europe/Berlin] DEBUG: Inicia ajaxCargarMoneda
[23-Jul-2025 17:32:01 Europe/Berlin] DEBUG: Finaliza ajaxCargarMoneda
[23-Jul-2025 17:32:44 Europe/Berlin] DEBUG: Inicia ajaxRegistrarPrestamo con sucursal_id: 1
[23-Jul-2025 17:32:44 Europe/Berlin] PHP Warning:  require_once(modelos/caja_modelo.php): Failed to open stream: No such file or directory in C:\xampp\htdocs\CrediCrece\controladores\prestamo_controlador.php on line 11
[23-Jul-2025 17:32:44 Europe/Berlin] UNCAUGHT EXCEPTION in ajax/prestamo_ajax.php: Failed opening required 'modelos/caja_modelo.php' (include_path='C:\xampp\php\PEAR') on line 11 in C:\xampp\htdocs\CrediCrece\controladores\prestamo_controlador.php
[23-Jul-2025 17:43:15 Europe/Berlin] DEBUG: Inicia ajaxCargarMoneda
[23-Jul-2025 17:43:15 Europe/Berlin] DEBUG: Finaliza ajaxCargarMoneda
[23-Jul-2025 17:43:16 Europe/Berlin] DEBUG: Inicia ajaxCargarFormaPago
[23-Jul-2025 17:43:16 Europe/Berlin] DEBUG: Finaliza ajaxCargarFormaPago
[23-Jul-2025 17:43:55 Europe/Berlin] DEBUG: Inicia ajaxRegistrarPrestamo con sucursal_id: 1
[23-Jul-2025 17:43:55 Europe/Berlin] PHP Warning:  require_once(modelos/caja_modelo.php): Failed to open stream: No such file or directory in C:\xampp\htdocs\CrediCrece\controladores\prestamo_controlador.php on line 11
[23-Jul-2025 17:43:55 Europe/Berlin] UNCAUGHT EXCEPTION in ajax/prestamo_ajax.php: Failed opening required 'modelos/caja_modelo.php' (include_path='C:\xampp\php\PEAR') on line 11 in C:\xampp\htdocs\CrediCrece\controladores\prestamo_controlador.php
[23-Jul-2025 19:19:10 Europe/Berlin] DEBUG: Inicia ajaxCargarMoneda
[23-Jul-2025 19:19:10 Europe/Berlin] DEBUG: Finaliza ajaxCargarMoneda
[23-Jul-2025 19:19:10 Europe/Berlin] DEBUG: Inicia ajaxCargarFormaPago
[23-Jul-2025 19:19:10 Europe/Berlin] DEBUG: Finaliza ajaxCargarFormaPago
[23-Jul-2025 19:22:08 Europe/Berlin] DEBUG: Inicia ajaxCargarMoneda
[23-Jul-2025 19:22:08 Europe/Berlin] DEBUG: Finaliza ajaxCargarMoneda
[23-Jul-2025 19:22:08 Europe/Berlin] DEBUG: Inicia ajaxCargarFormaPago
[23-Jul-2025 19:22:08 Europe/Berlin] DEBUG: Finaliza ajaxCargarFormaPago
[23-Jul-2025 19:22:39 Europe/Berlin] DEBUG: Inicia ajaxRegistrarPrestamo con sucursal_id: 1
[23-Jul-2025 19:22:39 Europe/Berlin] DEBUG: Finaliza ajaxRegistrarPrestamo
[23-Jul-2025 19:22:39 Europe/Berlin] DEBUG: Inicia ajaxRegistrarPrestamoDetalle
[23-Jul-2025 19:22:39 Europe/Berlin] Error en ctrRegistrarPrestamoDetalle: Error en los datos: los arrays no tienen la misma longitud
[23-Jul-2025 19:22:39 Europe/Berlin] DEBUG: Finaliza ajaxRegistrarPrestamoDetalle
[23-Jul-2025 19:28:28 Europe/Berlin] DEBUG: Inicia ajaxCargarFormaPago
[23-Jul-2025 19:28:28 Europe/Berlin] DEBUG: Finaliza ajaxCargarFormaPago
[23-Jul-2025 19:28:28 Europe/Berlin] DEBUG: Inicia ajaxCargarMoneda
[23-Jul-2025 19:28:28 Europe/Berlin] DEBUG: Finaliza ajaxCargarMoneda
[23-Jul-2025 19:30:47 Europe/Berlin] DEBUG: Inicia ajaxCargarFormaPago
[23-Jul-2025 19:30:47 Europe/Berlin] DEBUG: Inicia ajaxCargarMoneda
[23-Jul-2025 19:30:47 Europe/Berlin] DEBUG: Finaliza ajaxCargarFormaPago
[23-Jul-2025 19:30:47 Europe/Berlin] DEBUG: Finaliza ajaxCargarMoneda
[23-Jul-2025 19:31:38 Europe/Berlin] DEBUG: Inicia ajaxRegistrarPrestamo con sucursal_id: 1
[23-Jul-2025 19:31:38 Europe/Berlin] DEBUG: Finaliza ajaxRegistrarPrestamo
[23-Jul-2025 19:31:38 Europe/Berlin] DEBUG: Inicia ajaxRegistrarPrestamoDetalle
[23-Jul-2025 19:31:38 Europe/Berlin] DEBUG: Finaliza ajaxRegistrarPrestamoDetalle
[24-Jul-2025 01:33:46 Europe/Berlin] DEBUG: Inicia ajaxCargarFormaPago
[24-Jul-2025 01:33:46 Europe/Berlin] DEBUG: Finaliza ajaxCargarFormaPago
[24-Jul-2025 01:33:46 Europe/Berlin] DEBUG: Inicia ajaxCargarMoneda
[24-Jul-2025 01:33:46 Europe/Berlin] DEBUG: Finaliza ajaxCargarMoneda
[24-Jul-2025 07:41:38 Europe/Berlin] DEBUG: Inicia ajaxCargarFormaPago
[24-Jul-2025 07:41:38 Europe/Berlin] DEBUG: Finaliza ajaxCargarFormaPago
[24-Jul-2025 07:41:38 Europe/Berlin] DEBUG: Inicia ajaxCargarMoneda
[24-Jul-2025 07:41:38 Europe/Berlin] DEBUG: Finaliza ajaxCargarMoneda
[24-Jul-2025 07:41:54 Europe/Berlin] DEBUG: Inicia ajaxCargarFormaPago
[24-Jul-2025 07:41:54 Europe/Berlin] DEBUG: Finaliza ajaxCargarFormaPago
[24-Jul-2025 07:41:54 Europe/Berlin] DEBUG: Inicia ajaxCargarMoneda
[24-Jul-2025 07:41:54 Europe/Berlin] DEBUG: Finaliza ajaxCargarMoneda
[24-Jul-2025 07:57:28 Europe/Berlin] DEBUG: Inicia ajaxCargarFormaPago
[24-Jul-2025 07:57:28 Europe/Berlin] DEBUG: Finaliza ajaxCargarFormaPago
[24-Jul-2025 07:57:28 Europe/Berlin] DEBUG: Inicia ajaxCargarMoneda
[24-Jul-2025 07:57:28 Europe/Berlin] DEBUG: Finaliza ajaxCargarMoneda
[24-Jul-2025 07:57:29 Europe/Berlin] DEBUG: Inicia ajaxCargarMoneda
[24-Jul-2025 07:57:29 Europe/Berlin] DEBUG: Finaliza ajaxCargarMoneda
[24-Jul-2025 07:57:29 Europe/Berlin] DEBUG: Inicia ajaxCargarFormaPago
[24-Jul-2025 07:57:29 Europe/Berlin] DEBUG: Finaliza ajaxCargarFormaPago
[24-Jul-2025 07:57:34 Europe/Berlin] DEBUG: Inicia ajaxCargarMoneda
[24-Jul-2025 07:57:34 Europe/Berlin] DEBUG: Finaliza ajaxCargarMoneda
[24-Jul-2025 07:57:34 Europe/Berlin] DEBUG: Inicia ajaxCargarFormaPago
[24-Jul-2025 07:57:34 Europe/Berlin] DEBUG: Finaliza ajaxCargarFormaPago
[24-Jul-2025 08:01:27 Europe/Berlin] DEBUG: Inicia ajaxCargarFormaPago
[24-Jul-2025 08:01:27 Europe/Berlin] DEBUG: Finaliza ajaxCargarFormaPago
[24-Jul-2025 08:01:27 Europe/Berlin] DEBUG: Inicia ajaxCargarMoneda
[24-Jul-2025 08:01:27 Europe/Berlin] DEBUG: Finaliza ajaxCargarMoneda
[24-Jul-2025 08:07:22 Europe/Berlin] DEBUG: Inicia ajaxCargarMoneda
[24-Jul-2025 08:07:22 Europe/Berlin] DEBUG: Finaliza ajaxCargarMoneda
[24-Jul-2025 08:07:22 Europe/Berlin] DEBUG: Inicia ajaxCargarFormaPago
[24-Jul-2025 08:07:22 Europe/Berlin] DEBUG: Finaliza ajaxCargarFormaPago
[24-Jul-2025 08:07:28 Europe/Berlin] DEBUG: Inicia ajaxCargarMoneda
[24-Jul-2025 08:07:28 Europe/Berlin] DEBUG: Finaliza ajaxCargarMoneda
[24-Jul-2025 08:07:28 Europe/Berlin] DEBUG: Inicia ajaxCargarFormaPago
[24-Jul-2025 08:07:28 Europe/Berlin] DEBUG: Finaliza ajaxCargarFormaPago
[24-Jul-2025 08:07:43 Europe/Berlin] DEBUG: Inicia ajaxCargarFormaPago
[24-Jul-2025 08:07:43 Europe/Berlin] DEBUG: Inicia ajaxCargarMoneda
[24-Jul-2025 08:07:43 Europe/Berlin] DEBUG: Finaliza ajaxCargarMoneda
[24-Jul-2025 08:07:43 Europe/Berlin] DEBUG: Finaliza ajaxCargarFormaPago
[24-Jul-2025 08:09:23 Europe/Berlin] DEBUG: Inicia ajaxCargarMoneda
[24-Jul-2025 08:09:23 Europe/Berlin] DEBUG: Finaliza ajaxCargarMoneda
[24-Jul-2025 08:09:24 Europe/Berlin] DEBUG: Inicia ajaxCargarFormaPago
[24-Jul-2025 08:09:24 Europe/Berlin] DEBUG: Finaliza ajaxCargarFormaPago
[24-Jul-2025 08:12:06 Europe/Berlin] DEBUG: Inicia ajaxCargarFormaPago
[24-Jul-2025 08:12:06 Europe/Berlin] DEBUG: Inicia ajaxCargarMoneda
[24-Jul-2025 08:12:06 Europe/Berlin] DEBUG: Finaliza ajaxCargarFormaPago
[24-Jul-2025 08:12:06 Europe/Berlin] DEBUG: Finaliza ajaxCargarMoneda
[24-Jul-2025 08:13:25 Europe/Berlin] DEBUG: Inicia ajaxCargarMoneda
[24-Jul-2025 08:13:25 Europe/Berlin] DEBUG: Inicia ajaxCargarFormaPago
[24-Jul-2025 08:13:25 Europe/Berlin] DEBUG: Finaliza ajaxCargarMoneda
[24-Jul-2025 08:13:26 Europe/Berlin] DEBUG: Finaliza ajaxCargarFormaPago
[24-Jul-2025 08:15:11 Europe/Berlin] DEBUG: Inicia ajaxCargarFormaPago
[24-Jul-2025 08:15:11 Europe/Berlin] DEBUG: Finaliza ajaxCargarFormaPago
[24-Jul-2025 08:15:11 Europe/Berlin] DEBUG: Inicia ajaxCargarMoneda
[24-Jul-2025 08:15:11 Europe/Berlin] DEBUG: Finaliza ajaxCargarMoneda
[24-Jul-2025 08:15:26 Europe/Berlin] DEBUG: Inicia ajaxCargarMoneda
[24-Jul-2025 08:15:26 Europe/Berlin] DEBUG: Inicia ajaxCargarFormaPago
[24-Jul-2025 08:15:26 Europe/Berlin] DEBUG: Finaliza ajaxCargarMoneda
[24-Jul-2025 08:15:26 Europe/Berlin] DEBUG: Finaliza ajaxCargarFormaPago
[24-Jul-2025 08:24:18 Europe/Berlin] DEBUG: Inicia ajaxCargarFormaPago
[24-Jul-2025 08:24:18 Europe/Berlin] DEBUG: Inicia ajaxCargarMoneda
[24-Jul-2025 08:24:18 Europe/Berlin] DEBUG: Finaliza ajaxCargarFormaPago
[24-Jul-2025 08:24:18 Europe/Berlin] DEBUG: Finaliza ajaxCargarMoneda
[24-Jul-2025 08:37:11 Europe/Berlin] DEBUG: Inicia ajaxCargarFormaPago
[24-Jul-2025 08:37:11 Europe/Berlin] DEBUG: Inicia ajaxCargarMoneda
[24-Jul-2025 08:37:11 Europe/Berlin] DEBUG: Finaliza ajaxCargarFormaPago
[24-Jul-2025 08:37:11 Europe/Berlin] DEBUG: Finaliza ajaxCargarMoneda
[24-Jul-2025 08:37:57 Europe/Berlin] DEBUG: Inicia ajaxRegistrarPrestamo con sucursal_id: 1
[24-Jul-2025 08:37:57 Europe/Berlin] DEBUG: Finaliza ajaxRegistrarPrestamo
[24-Jul-2025 08:37:57 Europe/Berlin] DEBUG: Inicia ajaxRegistrarPrestamoDetalle
[24-Jul-2025 08:37:57 Europe/Berlin] DEBUG: Finaliza ajaxRegistrarPrestamoDetalle
[24-Jul-2025 16:46:38 Europe/Berlin] DEBUG: Inicia ajaxCargarFormaPago
[24-Jul-2025 16:46:38 Europe/Berlin] DEBUG: Inicia ajaxCargarMoneda
[24-Jul-2025 16:46:38 Europe/Berlin] DEBUG: Finaliza ajaxCargarMoneda
[24-Jul-2025 16:46:38 Europe/Berlin] DEBUG: Finaliza ajaxCargarFormaPago
[24-Jul-2025 20:14:09 Europe/Berlin] DEBUG: Inicia ajaxCargarFormaPago
[24-Jul-2025 20:14:09 Europe/Berlin] DEBUG: Finaliza ajaxCargarFormaPago
[24-Jul-2025 20:14:09 Europe/Berlin] DEBUG: Inicia ajaxCargarMoneda
[24-Jul-2025 20:14:09 Europe/Berlin] DEBUG: Finaliza ajaxCargarMoneda
[24-Jul-2025 20:24:00 Europe/Berlin] DEBUG: Inicia ajaxCargarFormaPago
[24-Jul-2025 20:24:00 Europe/Berlin] DEBUG: Inicia ajaxCargarMoneda
[24-Jul-2025 20:24:00 Europe/Berlin] DEBUG: Finaliza ajaxCargarFormaPago
[24-Jul-2025 20:24:00 Europe/Berlin] DEBUG: Finaliza ajaxCargarMoneda
[24-Jul-2025 20:56:18 Europe/Berlin] DEBUG: Inicia ajaxCargarFormaPago
[24-Jul-2025 20:56:18 Europe/Berlin] DEBUG: Finaliza ajaxCargarFormaPago
[24-Jul-2025 20:56:18 Europe/Berlin] DEBUG: Inicia ajaxCargarMoneda
[24-Jul-2025 20:56:18 Europe/Berlin] DEBUG: Finaliza ajaxCargarMoneda
[25-Jul-2025 08:19:42 Europe/Berlin] DEBUG: Inicia ajaxCargarMoneda
[25-Jul-2025 08:19:42 Europe/Berlin] DEBUG: Inicia ajaxCargarFormaPago
[25-Jul-2025 08:19:42 Europe/Berlin] DEBUG: Finaliza ajaxCargarMoneda
[25-Jul-2025 08:19:42 Europe/Berlin] DEBUG: Finaliza ajaxCargarFormaPago
[25-Jul-2025 08:20:53 Europe/Berlin] DEBUG: Inicia ajaxCargarFormaPago
[25-Jul-2025 08:20:53 Europe/Berlin] DEBUG: Inicia ajaxCargarMoneda
[25-Jul-2025 08:20:53 Europe/Berlin] DEBUG: Finaliza ajaxCargarMoneda
[25-Jul-2025 08:20:53 Europe/Berlin] DEBUG: Finaliza ajaxCargarFormaPago
[25-Jul-2025 08:22:31 Europe/Berlin] DEBUG: Inicia ajaxCargarFormaPago
[25-Jul-2025 08:22:31 Europe/Berlin] DEBUG: Inicia ajaxCargarMoneda
[25-Jul-2025 08:22:31 Europe/Berlin] DEBUG: Finaliza ajaxCargarMoneda
[25-Jul-2025 08:22:31 Europe/Berlin] DEBUG: Finaliza ajaxCargarFormaPago
[25-Jul-2025 08:22:46 Europe/Berlin] DEBUG: Inicia ajaxCargarMoneda
[25-Jul-2025 08:22:46 Europe/Berlin] DEBUG: Inicia ajaxCargarFormaPago
[25-Jul-2025 08:22:46 Europe/Berlin] DEBUG: Finaliza ajaxCargarFormaPago
[25-Jul-2025 08:22:46 Europe/Berlin] DEBUG: Finaliza ajaxCargarMoneda
[25-Jul-2025 08:23:15 Europe/Berlin] DEBUG: Inicia ajaxCargarMoneda
[25-Jul-2025 08:23:15 Europe/Berlin] DEBUG: Inicia ajaxCargarFormaPago
[25-Jul-2025 08:23:15 Europe/Berlin] DEBUG: Finaliza ajaxCargarMoneda
[25-Jul-2025 08:23:15 Europe/Berlin] DEBUG: Finaliza ajaxCargarFormaPago
[25-Jul-2025 08:23:42 Europe/Berlin] DEBUG: Inicia ajaxCargarMoneda
[25-Jul-2025 08:23:42 Europe/Berlin] DEBUG: Finaliza ajaxCargarMoneda
[25-Jul-2025 08:23:42 Europe/Berlin] DEBUG: Inicia ajaxCargarFormaPago
[25-Jul-2025 08:23:42 Europe/Berlin] DEBUG: Finaliza ajaxCargarFormaPago
[25-Jul-2025 08:23:58 Europe/Berlin] DEBUG: Inicia ajaxCargarFormaPago
[25-Jul-2025 08:23:58 Europe/Berlin] DEBUG: Inicia ajaxCargarMoneda
[25-Jul-2025 08:23:58 Europe/Berlin] DEBUG: Finaliza ajaxCargarFormaPago
[25-Jul-2025 08:23:58 Europe/Berlin] DEBUG: Finaliza ajaxCargarMoneda
[25-Jul-2025 08:24:24 Europe/Berlin] DEBUG: Inicia ajaxCargarFormaPago
[25-Jul-2025 08:24:24 Europe/Berlin] DEBUG: Inicia ajaxCargarMoneda
[25-Jul-2025 08:24:24 Europe/Berlin] DEBUG: Finaliza ajaxCargarMoneda
[25-Jul-2025 08:24:24 Europe/Berlin] DEBUG: Finaliza ajaxCargarFormaPago
[25-Jul-2025 08:27:44 Europe/Berlin] DEBUG: Inicia ajaxCargarMoneda
[25-Jul-2025 08:27:44 Europe/Berlin] DEBUG: Inicia ajaxCargarFormaPago
[25-Jul-2025 08:27:44 Europe/Berlin] DEBUG: Finaliza ajaxCargarMoneda
[25-Jul-2025 08:27:44 Europe/Berlin] DEBUG: Finaliza ajaxCargarFormaPago
[25-Jul-2025 08:28:30 Europe/Berlin] DEBUG: Inicia ajaxCargarMoneda
[25-Jul-2025 08:28:30 Europe/Berlin] DEBUG: Inicia ajaxCargarFormaPago
[25-Jul-2025 08:28:30 Europe/Berlin] DEBUG: Finaliza ajaxCargarFormaPago
[25-Jul-2025 08:28:30 Europe/Berlin] DEBUG: Finaliza ajaxCargarMoneda
[25-Jul-2025 08:28:44 Europe/Berlin] DEBUG: Inicia ajaxCargarMoneda
[25-Jul-2025 08:28:44 Europe/Berlin] DEBUG: Inicia ajaxCargarFormaPago
[25-Jul-2025 08:28:44 Europe/Berlin] DEBUG: Finaliza ajaxCargarFormaPago
[25-Jul-2025 08:28:44 Europe/Berlin] DEBUG: Finaliza ajaxCargarMoneda
[25-Jul-2025 08:29:13 Europe/Berlin] DEBUG: Inicia ajaxCargarMoneda
[25-Jul-2025 08:29:13 Europe/Berlin] DEBUG: Inicia ajaxCargarFormaPago
[25-Jul-2025 08:29:13 Europe/Berlin] DEBUG: Finaliza ajaxCargarFormaPago
[25-Jul-2025 08:29:13 Europe/Berlin] DEBUG: Finaliza ajaxCargarMoneda
[25-Jul-2025 08:29:41 Europe/Berlin] DEBUG: Inicia ajaxCargarMoneda
[25-Jul-2025 08:29:41 Europe/Berlin] DEBUG: Inicia ajaxCargarFormaPago
[25-Jul-2025 08:29:41 Europe/Berlin] DEBUG: Finaliza ajaxCargarFormaPago
[25-Jul-2025 08:29:41 Europe/Berlin] DEBUG: Finaliza ajaxCargarMoneda
[25-Jul-2025 08:30:24 Europe/Berlin] DEBUG: Inicia ajaxCargarFormaPago
[25-Jul-2025 08:30:24 Europe/Berlin] DEBUG: Inicia ajaxCargarMoneda
[25-Jul-2025 08:30:25 Europe/Berlin] DEBUG: Finaliza ajaxCargarFormaPago
[25-Jul-2025 08:30:25 Europe/Berlin] DEBUG: Finaliza ajaxCargarMoneda
[25-Jul-2025 08:30:34 Europe/Berlin] DEBUG: Inicia ajaxCargarMoneda
[25-Jul-2025 08:30:34 Europe/Berlin] DEBUG: Inicia ajaxCargarFormaPago
[25-Jul-2025 08:30:34 Europe/Berlin] DEBUG: Finaliza ajaxCargarMoneda
[25-Jul-2025 08:30:34 Europe/Berlin] DEBUG: Finaliza ajaxCargarFormaPago
[25-Jul-2025 08:30:47 Europe/Berlin] DEBUG: Inicia ajaxCargarMoneda
[25-Jul-2025 08:30:47 Europe/Berlin] DEBUG: Finaliza ajaxCargarMoneda
[25-Jul-2025 08:30:47 Europe/Berlin] DEBUG: Inicia ajaxCargarFormaPago
[25-Jul-2025 08:30:47 Europe/Berlin] DEBUG: Finaliza ajaxCargarFormaPago
[25-Jul-2025 08:31:14 Europe/Berlin] DEBUG: Inicia ajaxCargarMoneda
[25-Jul-2025 08:31:14 Europe/Berlin] DEBUG: Inicia ajaxCargarFormaPago
[25-Jul-2025 08:31:14 Europe/Berlin] DEBUG: Finaliza ajaxCargarMoneda
[25-Jul-2025 08:31:14 Europe/Berlin] DEBUG: Finaliza ajaxCargarFormaPago
[25-Jul-2025 08:32:09 Europe/Berlin] DEBUG: Inicia ajaxCargarMoneda
[25-Jul-2025 08:32:09 Europe/Berlin] DEBUG: Finaliza ajaxCargarMoneda
[25-Jul-2025 08:32:09 Europe/Berlin] DEBUG: Inicia ajaxCargarFormaPago
[25-Jul-2025 08:32:09 Europe/Berlin] DEBUG: Finaliza ajaxCargarFormaPago
[25-Jul-2025 08:32:47 Europe/Berlin] DEBUG: Inicia ajaxCargarFormaPago
[25-Jul-2025 08:32:47 Europe/Berlin] DEBUG: Inicia ajaxCargarMoneda
[25-Jul-2025 08:32:47 Europe/Berlin] DEBUG: Finaliza ajaxCargarFormaPago
[25-Jul-2025 08:32:47 Europe/Berlin] DEBUG: Finaliza ajaxCargarMoneda
[25-Jul-2025 08:33:29 Europe/Berlin] DEBUG: Inicia ajaxCargarMoneda
[25-Jul-2025 08:33:29 Europe/Berlin] DEBUG: Inicia ajaxCargarFormaPago
[25-Jul-2025 08:33:29 Europe/Berlin] DEBUG: Finaliza ajaxCargarMoneda
[25-Jul-2025 08:33:29 Europe/Berlin] DEBUG: Finaliza ajaxCargarFormaPago
[25-Jul-2025 08:34:11 Europe/Berlin] DEBUG: Inicia ajaxCargarMoneda
[25-Jul-2025 08:34:11 Europe/Berlin] DEBUG: Inicia ajaxCargarFormaPago
[25-Jul-2025 08:34:11 Europe/Berlin] DEBUG: Finaliza ajaxCargarMoneda
[25-Jul-2025 08:34:11 Europe/Berlin] DEBUG: Finaliza ajaxCargarFormaPago
[25-Jul-2025 08:34:35 Europe/Berlin] DEBUG: Inicia ajaxCargarFormaPago
[25-Jul-2025 08:34:35 Europe/Berlin] DEBUG: Inicia ajaxCargarMoneda
[25-Jul-2025 08:34:35 Europe/Berlin] DEBUG: Finaliza ajaxCargarFormaPago
[25-Jul-2025 08:34:35 Europe/Berlin] DEBUG: Finaliza ajaxCargarMoneda
[25-Jul-2025 08:47:54 Europe/Berlin] DEBUG: Inicia ajaxCargarFormaPago
[25-Jul-2025 08:47:54 Europe/Berlin] DEBUG: Inicia ajaxCargarMoneda
[25-Jul-2025 08:47:55 Europe/Berlin] DEBUG: Finaliza ajaxCargarMoneda
[25-Jul-2025 08:47:55 Europe/Berlin] DEBUG: Finaliza ajaxCargarFormaPago
[25-Jul-2025 09:53:49 Europe/Berlin] DEBUG: Inicia ajaxCargarFormaPago
[25-Jul-2025 09:53:49 Europe/Berlin] DEBUG: Inicia ajaxCargarMoneda
[25-Jul-2025 09:53:49 Europe/Berlin] DEBUG: Finaliza ajaxCargarFormaPago
[25-Jul-2025 09:53:49 Europe/Berlin] DEBUG: Finaliza ajaxCargarMoneda
[25-Jul-2025 09:54:02 Europe/Berlin] DEBUG: Inicia ajaxCargarFormaPago
[25-Jul-2025 09:54:02 Europe/Berlin] DEBUG: Inicia ajaxCargarMoneda
[25-Jul-2025 09:54:02 Europe/Berlin] DEBUG: Finaliza ajaxCargarFormaPago
[25-Jul-2025 09:54:02 Europe/Berlin] DEBUG: Finaliza ajaxCargarMoneda
